Using pre-set license
Built from '2020.3/staging' branch; Version is '2020.3.16f1 (049d6eca3c44) revision 302446'; Using compiler version '192528614'; Build Type 'Release'
OS: 'Windows 10 Pro; OS build 19042.1081; Version 2009; 64bit' Language: 'zh' Physical Memory: 32734 MB
BatchMode: 1, IsHumanControllingUs: 0, StartBugReporterOnCrash: 0, Is64bit: 1, IsPro: 0

 COMMAND LINE ARGUMENTS:
D:\Program Files\2020.3.16f1\Editor\Unity.exe
-adb2
-batchMode
-noUpm
-name
AssetImportWorker0
-projectPath
D:/sian/project/Unity/Unity_3DTankBattle_BookPractice_20210917_Unity2020.3.16f1/Unity_3DTankBattle_BookPractice_20210917_Unity2020.3.16f1
-logFile
Logs/AssetImportWorker0.log
-srvPort
60659
Successfully changed project path to: D:/sian/project/Unity/Unity_3DTankBattle_BookPractice_20210917_Unity2020.3.16f1/Unity_3DTankBattle_BookPractice_20210917_Unity2020.3.16f1
D:/sian/project/Unity/Unity_3DTankBattle_BookPractice_20210917_Unity2020.3.16f1/Unity_3DTankBattle_BookPractice_20210917_Unity2020.3.16f1
Using Asset Import Pipeline V2.
Refreshing native plugins compatible for Editor in 88.43 ms, found 2 plugins.
Preloading 0 native plugins for Editor in 0.00 ms.
Initialize engine version: 2020.3.16f1 (049d6eca3c44)
[Subsystems] Discovering subsystems at path D:/Program Files/2020.3.16f1/Editor/Data/Resources/UnitySubsystems
[Subsystems] Discovering subsystems at path D:/sian/project/Unity/Unity_3DTankBattle_BookPractice_20210917_Unity2020.3.16f1/Unity_3DTankBattle_BookPractice_20210917_Unity2020.3.16f1/Assets
GfxDevice: creating device client; threaded=0
Direct3D:
    Version:  Direct3D 11.0 [level 11.1]
    Renderer: NVIDIA GeForce GTX 970 (ID=0x13c2)
    Vendor:   
    VRAM:     4043 MB
    Driver:   27.21.14.5671
Initialize mono
Mono path[0] = 'D:/Program Files/2020.3.16f1/Editor/Data/Managed'
Mono path[1] = 'D:/Program Files/2020.3.16f1/Editor/Data/MonoBleedingEdge/lib/mono/unityjit'
Mono config path = 'D:/Program Files/2020.3.16f1/Editor/Data/MonoBleedingEdge/etc'
Using monoOptions --debugger-agent=transport=dt_socket,embedding=1,server=y,suspend=n,address=127.0.0.1:56188
Begin MonoManager ReloadAssembly
Registering precompiled unity dll's ...
Register platform support module: D:/Program Files/2020.3.16f1/Editor/Data/PlaybackEngines/WebGLSupport/UnityEditor.WebGL.Extensions.dll
Register platform support module: D:/Program Files/2020.3.16f1/Editor/Data/PlaybackEngines/WindowsStandaloneSupport/UnityEditor.WindowsStandalone.Extensions.dll
Registered in 0.009537 seconds.
Native extension for WindowsStandalone target not found
Native extension for WebGL target not found
Refreshing native plugins compatible for Editor in 76.71 ms, found 2 plugins.
Preloading 0 native plugins for Editor in 0.00 ms.
Mono: successfully reloaded assembly
- Completed reload, in  4.596 seconds
Domain Reload Profiling:
	ReloadAssembly (4597ms)
		BeginReloadAssembly (159ms)
			ExecutionOrderSort (0ms)
			DisableScriptedObjects (0ms)
			BackupInstance (0ms)
			ReleaseScriptingObjects (0ms)
			CreateAndSetChildDomain (2ms)
		EndReloadAssembly (1065ms)
			LoadAssemblies (148ms)
			RebuildTransferFunctionScriptingTraits (0ms)
			SetupTypeCache (417ms)
			ReleaseScriptCaches (0ms)
			RebuildScriptCaches (83ms)
			SetupLoadedEditorAssemblies (387ms)
				LogAssemblyErrors (0ms)
				InitializePlatformSupportModulesInManaged (12ms)
				SetLoadedEditorAssemblies (0ms)
				RefreshPlugins (77ms)
				BeforeProcessingInitializeOnLoad (44ms)
				ProcessInitializeOnLoadAttributes (183ms)
				ProcessInitializeOnLoadMethodAttributes (70ms)
				AfterProcessingInitializeOnLoad (0ms)
				EditorAssembliesLoaded (1ms)
			ExecutionOrderSort2 (0ms)
			AwakeInstancesAfterBackupRestoration (0ms)
Platform modules already initialized, skipping
Registering precompiled user dll's ...
Registered in 0.015208 seconds.
Begin MonoManager ReloadAssembly
Native extension for WindowsStandalone target not found
Native extension for WebGL target not found
Refreshing native plugins compatible for Editor in 0.65 ms, found 2 plugins.
Preloading 0 native plugins for Editor in 0.00 ms.
Mono: successfully reloaded assembly
- Completed reload, in  3.691 seconds
Domain Reload Profiling:
	ReloadAssembly (3693ms)
		BeginReloadAssembly (457ms)
			ExecutionOrderSort (0ms)
			DisableScriptedObjects (13ms)
			BackupInstance (0ms)
			ReleaseScriptingObjects (0ms)
			CreateAndSetChildDomain (43ms)
		EndReloadAssembly (2392ms)
			LoadAssemblies (273ms)
			RebuildTransferFunctionScriptingTraits (0ms)
			SetupTypeCache (867ms)
			ReleaseScriptCaches (1ms)
			RebuildScriptCaches (113ms)
			SetupLoadedEditorAssemblies (944ms)
				LogAssemblyErrors (0ms)
				InitializePlatformSupportModulesInManaged (16ms)
				SetLoadedEditorAssemblies (1ms)
				RefreshPlugins (1ms)
				BeforeProcessingInitializeOnLoad (201ms)
				ProcessInitializeOnLoadAttributes (693ms)
				ProcessInitializeOnLoadMethodAttributes (8ms)
				AfterProcessingInitializeOnLoad (24ms)
				EditorAssembliesLoaded (0ms)
			ExecutionOrderSort2 (0ms)
			AwakeInstancesAfterBackupRestoration (16ms)
Platform modules already initialized, skipping
========================================================================
Worker process is ready to serve import requests
Launched and connected shader compiler UnityShaderCompiler.exe after 0.09 seconds
Refreshing native plugins compatible for Editor in 0.82 ms, found 2 plugins.
Preloading 0 native plugins for Editor in 0.00 ms.
Unloading 1447 Unused Serialized files (Serialized files now loaded: 0)
System memory in use before: 66.6 MB.
System memory in use after: 66.7 MB.

Unloading 18 unused Assets to reduce memory usage. Loaded Objects now: 1880.
Total: 5.367200 ms (FindLiveObjects: 0.400100 ms CreateObjectMapping: 0.086100 ms MarkObjects: 4.771300 ms  DeleteObjects: 0.107300 ms)

AssetImportParameters requested are different than current active one (requested -> active):
  custom:framework-win-MediaFoundation: 216162199b28c13a410421893ffa2e32 -> 
  custom:video-decoder-ogg-theora: a1e56fd34408186e4bbccfd4996cb3dc -> 
  custom:container-muxer-webm: aa71ff27fc2769a1b78a27578f13a17b -> 
  custom:container-demuxer-webm: 4f35f7cbe854078d1ac9338744f61a02 -> 
  custom:container-demuxer-ogg: 62fdf1f143b41e24485cea50d1cbac27 -> 
  custom:video-encoder-webm-vp8: eb34c28f22e8b96e1ab97ce403110664 -> 
  custom:video-decoder-webm-vp8: 9c59270c3fd7afecdb556c50c9e8de78 -> 
  custom:audio-decoder-ogg-vorbis: bf7c407c2cedff20999df2af8eb42d56 -> 
  custom:audio-encoder-webm-vorbis: bf7c407c2cedff20999df2af8eb42d56 -> 
========================================================================
Received Import Request.
  path: Assets/1.Demo/1.坦克移動.unity
  artifactKey: Guid(f96a3f0cf6dd5e749a49bb26ae59d2dc) Importer(815301076,1909f56bfc062723c751e8b465ee728b)
Start importing Assets/1.Demo/1.坦克移動.unity using Guid(f96a3f0cf6dd5e749a49bb26ae59d2dc) Importer(815301076,1909f56bfc062723c751e8b465ee728b)  -> (artifact id: 'f5f02f91132ec3d0cd5f28e578cadeb0') in 0.033502 seconds 
  Import took 0.037344 seconds .

========================================================================
Received Import Request.
  Time since last request: 0.000321 seconds.
  path: Assets/Scenes/SampleScene.unity
  artifactKey: Guid(9fc0d4010bbf28b4594072e72b8655ab) Importer(815301076,1909f56bfc062723c751e8b465ee728b)
Start importing Assets/Scenes/SampleScene.unity using Guid(9fc0d4010bbf28b4594072e72b8655ab) Importer(815301076,1909f56bfc062723c751e8b465ee728b)  -> (artifact id: '85059f4f9e1a832ed95adaa0d25c5c4c') in 0.006704 seconds 
  Import took 0.012326 seconds .

========================================================================
Received Import Request.
  Time since last request: 25.202296 seconds.
  path: Assets/1.Demo/2.砲塔控制.unity
  artifactKey: Guid(89dc7db15134f4247a908e123539e08a) Importer(815301076,1909f56bfc062723c751e8b465ee728b)
Start importing Assets/1.Demo/2.砲塔控制.unity using Guid(89dc7db15134f4247a908e123539e08a) Importer(815301076,1909f56bfc062723c751e8b465ee728b)  -> (artifact id: 'dddd17fc864fa0e56e54000ca2316f58') in 0.469072 seconds 
  Import took 0.524461 seconds .

========================================================================
Received Import Request.
  Time since last request: 25.028067 seconds.
  path: Assets/1.Demo/3.履帶與砲擊.unity
  artifactKey: Guid(7dd1b1a78d0c357448dd5bf544fd322d) Importer(815301076,1909f56bfc062723c751e8b465ee728b)
Start importing Assets/1.Demo/3.履帶與砲擊.unity using Guid(7dd1b1a78d0c357448dd5bf544fd322d) Importer(815301076,1909f56bfc062723c751e8b465ee728b)  -> (artifact id: '49d06a2ebf62083c31f47ba0c6a5bec3') in 0.004947 seconds 
  Import took 0.008904 seconds .

========================================================================
Received Import Request.
  Time since last request: 24.519414 seconds.
  path: Assets/2.Models/kv1/KV-1.FBX
  artifactKey: Guid(c1aa3510aa6509043956ead70ad2dc6c) Importer(815301076,1909f56bfc062723c751e8b465ee728b)
Start importing Assets/2.Models/kv1/KV-1.FBX using Guid(c1aa3510aa6509043956ead70ad2dc6c) Importer(815301076,1909f56bfc062723c751e8b465ee728b)  -> (artifact id: '4d4d59f9b01c572b86a74769bbfe919c') in 20.282686 seconds 
  Import took 20.291131 seconds .

========================================================================
Received Import Request.
  Time since last request: 0.000375 seconds.
  path: Assets/2.Models/kv1/KV-1.fbm
  artifactKey: Guid(fbb28464ccbb9db46ae06460a157c84a) Importer(815301076,1909f56bfc062723c751e8b465ee728b)
Start importing Assets/2.Models/kv1/KV-1.fbm using Guid(fbb28464ccbb9db46ae06460a157c84a) Importer(815301076,1909f56bfc062723c751e8b465ee728b)  -> (artifact id: '6da40fc0e33b76bd2e8a96c2ffcf0b1a') in 0.005520 seconds 
  Import took 0.009743 seconds .

========================================================================
Received Import Request.
  Time since last request: 0.000378 seconds.
  path: Assets/2.Models/kv1/Materials
  artifactKey: Guid(5557345aacf71ef47b714025155830c5) Importer(815301076,1909f56bfc062723c751e8b465ee728b)
Start importing Assets/2.Models/kv1/Materials using Guid(5557345aacf71ef47b714025155830c5) Importer(815301076,1909f56bfc062723c751e8b465ee728b)  -> (artifact id: 'bf34f574af7489211ee1bed487fd31c7') in 0.007177 seconds 
  Import took 0.010762 seconds .

AssetImportWorkerClient::OnTransportError - code=2 error=End of file
